0 info it worked if it ends with ok
1 verbose cli [ '/usr/local/bin/node',
1 verbose cli   '/usr/local/bin/npm',
1 verbose cli   'install',
1 verbose cli   'express-generator',
1 verbose cli   '-g' ]
2 info using npm@4.1.2
3 info using node@v7.6.0
4 silly loadCurrentTree Starting
5 silly install loadCurrentTree
6 silly install readGlobalPackageData
7 silly fetchPackageMetaData express-generator
8 silly fetchNamedPackageData express-generator
9 silly mapToRegistry name express-generator
10 silly mapToRegistry using default registry
11 silly mapToRegistry registry https://registry.npmjs.org/
12 silly mapToRegistry data Result {
12 silly mapToRegistry   raw: 'express-generator',
12 silly mapToRegistry   scope: null,
12 silly mapToRegistry   escapedName: 'express-generator',
12 silly mapToRegistry   name: 'express-generator',
12 silly mapToRegistry   rawSpec: '',
12 silly mapToRegistry   spec: 'latest',
12 silly mapToRegistry   type: 'tag' }
13 silly mapToRegistry uri https://registry.npmjs.org/express-generator
14 verbose request uri https://registry.npmjs.org/express-generator
15 verbose request no auth needed
16 info attempt registry request try #1 at 21:23:19
17 verbose request id 823ca3ce47e2446d
18 http request GET https://registry.npmjs.org/express-generator
19 http 200 https://registry.npmjs.org/express-generator
20 verbose headers { server: 'nginx/1.10.1',
20 verbose headers   'content-type': 'application/json',
20 verbose headers   'last-modified': 'Sat, 08 Apr 2017 18:15:08 GMT',
20 verbose headers   etag: 'W/"58e928ac-9e68"',
20 verbose headers   'content-encoding': 'gzip',
20 verbose headers   'cache-control': 'max-age=300',
20 verbose headers   'content-length': '4726',
20 verbose headers   'accept-ranges': 'bytes',
20 verbose headers   date: 'Tue, 11 Apr 2017 13:23:19 GMT',
20 verbose headers   via: '1.1 varnish',
20 verbose headers   age: '226',
20 verbose headers   connection: 'keep-alive',
20 verbose headers   'x-served-by': 'cache-itm7423-ITM',
20 verbose headers   'x-cache': 'HIT',
20 verbose headers   'x-cache-hits': '2',
20 verbose headers   'x-timer': 'S1491916999.271563,VS0,VE0',
20 verbose headers   vary: 'Accept-Encoding' }
21 silly get cb [ 200,
21 silly get   { server: 'nginx/1.10.1',
21 silly get     'content-type': 'application/json',
21 silly get     'last-modified': 'Sat, 08 Apr 2017 18:15:08 GMT',
21 silly get     etag: 'W/"58e928ac-9e68"',
21 silly get     'content-encoding': 'gzip',
21 silly get     'cache-control': 'max-age=300',
21 silly get     'content-length': '4726',
21 silly get     'accept-ranges': 'bytes',
21 silly get     date: 'Tue, 11 Apr 2017 13:23:19 GMT',
21 silly get     via: '1.1 varnish',
21 silly get     age: '226',
21 silly get     connection: 'keep-alive',
21 silly get     'x-served-by': 'cache-itm7423-ITM',
21 silly get     'x-cache': 'HIT',
21 silly get     'x-cache-hits': '2',
21 silly get     'x-timer': 'S1491916999.271563,VS0,VE0',
21 silly get     vary: 'Accept-Encoding' } ]
22 verbose get saving express-generator to /home/yangx/.npm/registry.npmjs.org/express-generator/.cache.json
23 verbose correctMkdir /home/yangx/.npm correctMkdir not in flight; initializing
24 silly install normalizeTree
25 silly loadCurrentTree Finishing
26 silly loadIdealTree Starting
27 silly install loadIdealTree
28 silly cloneCurrentTree Starting
29 silly install cloneCurrentTreeToIdealTree
30 silly cloneCurrentTree Finishing
31 silly loadShrinkwrap Starting
32 silly install loadShrinkwrap
33 silly loadShrinkwrap Finishing
34 silly loadAllDepsIntoIdealTree Starting
35 silly install loadAllDepsIntoIdealTree
36 silly resolveWithNewModule express-generator@4.15.0 checking installable status
37 silly cache add args [ 'express-generator', null ]
38 verbose cache add spec express-generator
39 silly cache add parsed spec Result {
39 silly cache add   raw: 'express-generator',
39 silly cache add   scope: null,
39 silly cache add   escapedName: 'express-generator',
39 silly cache add   name: 'express-generator',
39 silly cache add   rawSpec: '',
39 silly cache add   spec: 'latest',
39 silly cache add   type: 'tag' }
40 silly addNamed express-generator@latest
41 verbose addNamed "latest" is being treated as a dist-tag for express-generator
42 info addNameTag [ 'express-generator', 'latest' ]
43 silly mapToRegistry name express-generator
44 silly mapToRegistry using default registry
45 silly mapToRegistry registry https://registry.npmjs.org/
46 silly mapToRegistry data Result {
46 silly mapToRegistry   raw: 'express-generator',
46 silly mapToRegistry   scope: null,
46 silly mapToRegistry   escapedName: 'express-generator',
46 silly mapToRegistry   name: 'express-generator',
46 silly mapToRegistry   rawSpec: '',
46 silly mapToRegistry   spec: 'latest',
46 silly mapToRegistry   type: 'tag' }
47 silly mapToRegistry uri https://registry.npmjs.org/express-generator
48 verbose addNameTag registry:https://registry.npmjs.org/express-generator not in flight; fetching
49 verbose get https://registry.npmjs.org/express-generator not expired, no request
50 silly addNameTag next cb for express-generator with tag latest
51 silly addNamed express-generator@4.15.0
52 verbose addNamed "4.15.0" is a plain semver version for express-generator
53 silly mapToRegistry name express-generator
54 silly mapToRegistry using default registry
55 silly mapToRegistry registry https://registry.npmjs.org/
56 silly mapToRegistry data Result {
56 silly mapToRegistry   raw: 'express-generator',
56 silly mapToRegistry   scope: null,
56 silly mapToRegistry   escapedName: 'express-generator',
56 silly mapToRegistry   name: 'express-generator',
56 silly mapToRegistry   rawSpec: '',
56 silly mapToRegistry   spec: 'latest',
56 silly mapToRegistry   type: 'tag' }
57 silly mapToRegistry uri https://registry.npmjs.org/express-generator
58 verbose addRemoteTarball https://registry.npmjs.org/express-generator/-/express-generator-4.15.0.tgz not in flight; adding
59 verbose addRemoteTarball [ 'https://registry.npmjs.org/express-generator/-/express-generator-4.15.0.tgz',
59 verbose addRemoteTarball   '81ba5ca8db9ceeaee281a08f5ad5c3f472430006' ]
60 info retry fetch attempt 1 at 21:23:19
61 info attempt registry request try #1 at 21:23:19
62 http fetch GET https://registry.npmjs.org/express-generator/-/express-generator-4.15.0.tgz
63 http fetch 200 https://registry.npmjs.org/express-generator/-/express-generator-4.15.0.tgz
64 silly fetchAndShaCheck shasum 81ba5ca8db9ceeaee281a08f5ad5c3f472430006
65 verbose addTmpTarball /tmp/npm-28467-b0a5ff3d/registry.npmjs.org/express-generator/-/express-generator-4.15.0.tgz not in flight; adding
66 verbose addTmpTarball already have metadata; skipping unpack for express-generator@4.15.0
67 verbose correctMkdir /home/yangx/.npm correctMkdir not in flight; initializing
68 silly cache afterAdd express-generator@4.15.0
69 verbose afterAdd /home/yangx/.npm/express-generator/4.15.0/package/package.json not in flight; writing
70 verbose correctMkdir /home/yangx/.npm correctMkdir not in flight; initializing
71 verbose afterAdd /home/yangx/.npm/express-generator/4.15.0/package/package.json written
72 silly fetchNamedPackageData commander
73 silly mapToRegistry name commander
74 silly mapToRegistry using default registry
75 silly mapToRegistry registry https://registry.npmjs.org/
76 silly mapToRegistry data Result {
76 silly mapToRegistry   raw: 'commander',
76 silly mapToRegistry   scope: null,
76 silly mapToRegistry   escapedName: 'commander',
76 silly mapToRegistry   name: 'commander',
76 silly mapToRegistry   rawSpec: '',
76 silly mapToRegistry   spec: 'latest',
76 silly mapToRegistry   type: 'tag' }
77 silly mapToRegistry uri https://registry.npmjs.org/commander
78 silly fetchNamedPackageData ejs
79 silly mapToRegistry name ejs
80 silly mapToRegistry using default registry
81 silly mapToRegistry registry https://registry.npmjs.org/
82 silly mapToRegistry data Result {
82 silly mapToRegistry   raw: 'ejs',
82 silly mapToRegistry   scope: null,
82 silly mapToRegistry   escapedName: 'ejs',
82 silly mapToRegistry   name: 'ejs',
82 silly mapToRegistry   rawSpec: '',
82 silly mapToRegistry   spec: 'latest',
82 silly mapToRegistry   type: 'tag' }
83 silly mapToRegistry uri https://registry.npmjs.org/ejs
84 silly fetchNamedPackageData mkdirp
85 silly mapToRegistry name mkdirp
86 silly mapToRegistry using default registry
87 silly mapToRegistry registry https://registry.npmjs.org/
88 silly mapToRegistry data Result {
88 silly mapToRegistry   raw: 'mkdirp',
88 silly mapToRegistry   scope: null,
88 silly mapToRegistry   escapedName: 'mkdirp',
88 silly mapToRegistry   name: 'mkdirp',
88 silly mapToRegistry   rawSpec: '',
88 silly mapToRegistry   spec: 'latest',
88 silly mapToRegistry   type: 'tag' }
89 silly mapToRegistry uri https://registry.npmjs.org/mkdirp
90 silly fetchNamedPackageData sorted-object
91 silly mapToRegistry name sorted-object
92 silly mapToRegistry using default registry
93 silly mapToRegistry registry https://registry.npmjs.org/
94 silly mapToRegistry data Result {
94 silly mapToRegistry   raw: 'sorted-object',
94 silly mapToRegistry   scope: null,
94 silly mapToRegistry   escapedName: 'sorted-object',
94 silly mapToRegistry   name: 'sorted-object',
94 silly mapToRegistry   rawSpec: '',
94 silly mapToRegistry   spec: 'latest',
94 silly mapToRegistry   type: 'tag' }
95 silly mapToRegistry uri https://registry.npmjs.org/sorted-object
96 verbose request uri https://registry.npmjs.org/commander
97 verbose request no auth needed
98 info attempt registry request try #1 at 21:23:19
99 http request GET https://registry.npmjs.org/commander
100 verbose request uri https://registry.npmjs.org/ejs
101 verbose request no auth needed
102 info attempt registry request try #1 at 21:23:19
103 http request GET https://registry.npmjs.org/ejs
104 verbose request uri https://registry.npmjs.org/mkdirp
105 verbose request no auth needed
106 info attempt registry request try #1 at 21:23:19
107 http request GET https://registry.npmjs.org/mkdirp
108 verbose request uri https://registry.npmjs.org/sorted-object
109 verbose request no auth needed
110 info attempt registry request try #1 at 21:23:19
111 http request GET https://registry.npmjs.org/sorted-object
112 http 200 https://registry.npmjs.org/commander
113 verbose headers { server: 'nginx/1.4.6 (Ubuntu)',
113 verbose headers   'content-type': 'application/json',
113 verbose headers   'last-modified': 'Mon, 10 Apr 2017 14:26:04 GMT',
113 verbose headers   'content-encoding': 'gzip',
113 verbose headers   'cache-control': 'max-age=300',
113 verbose headers   'content-length': '12890',
113 verbose headers   'accept-ranges': 'bytes',
113 verbose headers   date: 'Tue, 11 Apr 2017 13:23:19 GMT',
113 verbose headers   via: '1.1 varnish',
113 verbose headers   age: '260',
113 verbose headers   connection: 'keep-alive',
113 verbose headers   'x-served-by': 'cache-itm7423-ITM',
113 verbose headers   'x-cache': 'HIT',
113 verbose headers   'x-cache-hits': '5',
113 verbose headers   'x-timer': 'S1491917000.553355,VS0,VE0',
113 verbose headers   vary: 'Accept-Encoding' }
114 silly get cb [ 200,
114 silly get   { server: 'nginx/1.4.6 (Ubuntu)',
114 silly get     'content-type': 'application/json',
114 silly get     'last-modified': 'Mon, 10 Apr 2017 14:26:04 GMT',
114 silly get     'content-encoding': 'gzip',
114 silly get     'cache-control': 'max-age=300',
114 silly get     'content-length': '12890',
114 silly get     'accept-ranges': 'bytes',
114 silly get     date: 'Tue, 11 Apr 2017 13:23:19 GMT',
114 silly get     via: '1.1 varnish',
114 silly get     age: '260',
114 silly get     connection: 'keep-alive',
114 silly get     'x-served-by': 'cache-itm7423-ITM',
114 silly get     'x-cache': 'HIT',
114 silly get     'x-cache-hits': '5',
114 silly get     'x-timer': 'S1491917000.553355,VS0,VE0',
114 silly get     vary: 'Accept-Encoding' } ]
115 verbose get saving commander to /home/yangx/.npm/registry.npmjs.org/commander/.cache.json
116 verbose correctMkdir /home/yangx/.npm correctMkdir not in flight; initializing
117 silly pickManifestFromRegistryMetadata spec 2.9.0 tag latest versions [ '0.0.1',
117 silly pickManifestFromRegistryMetadata   '0.0.3',
117 silly pickManifestFromRegistryMetadata   '0.0.4',
117 silly pickManifestFromRegistryMetadata   '0.0.5',
117 silly pickManifestFromRegistryMetadata   '0.1.0',
117 silly pickManifestFromRegistryMetadata   '0.2.0',
117 silly pickManifestFromRegistryMetadata   '0.2.1',
117 silly pickManifestFromRegistryMetadata   '0.3.0',
117 silly pickManifestFromRegistryMetadata   '0.3.1',
117 silly pickManifestFromRegistryMetadata   '0.3.2',
117 silly pickManifestFromRegistryMetadata   '0.3.3',
117 silly pickManifestFromRegistryMetadata   '0.4.0',
117 silly pickManifestFromRegistryMetadata   '0.4.1',
117 silly pickManifestFromRegistryMetadata   '0.4.2',
117 silly pickManifestFromRegistryMetadata   '0.4.3',
117 silly pickManifestFromRegistryMetadata   '0.5.0',
117 silly pickManifestFromRegistryMetadata   '0.5.1',
117 silly pickManifestFromRegistryMetadata   '0.6.0',
117 silly pickManifestFromRegistryMetadata   '0.6.1',
117 silly pickManifestFromRegistryMetadata   '0.5.2',
117 silly pickManifestFromRegistryMetadata   '1.0.0',
117 silly pickManifestFromRegistryMetadata   '1.0.1',
117 silly pickManifestFromRegistryMetadata   '1.0.2',
117 silly pickManifestFromRegistryMetadata   '1.0.3',
117 silly pickManifestFromRegistryMetadata   '1.0.4',
117 silly pickManifestFromRegistryMetadata   '1.0.5',
117 silly pickManifestFromRegistryMetadata   '1.1.0',
117 silly pickManifestFromRegistryMetadata   '1.1.1',
117 silly pickManifestFromRegistryMetadata   '1.2.0',
117 silly pickManifestFromRegistryMetadata   '1.3.0',
117 silly pickManifestFromRegistryMetadata   '1.3.1',
117 silly pickManifestFromRegistryMetadata   '1.3.2',
117 silly pickManifestFromRegistryMetadata   '2.0.0',
117 silly pickManifestFromRegistryMetadata   '2.1.0',
117 silly pickManifestFromRegistryMetadata   '2.2.0',
117 silly pickManifestFromRegistryMetadata   '2.3.0',
117 silly pickManifestFromRegistryMetadata   '2.4.0',
117 silly pickManifestFromRegistryMetadata   '2.5.0',
117 silly pickManifestFromRegistryMetadata   '2.5.1',
117 silly pickManifestFromRegistryMetadata   '2.6.0',
117 silly pickManifestFromRegistryMetadata   '2.7.0',
117 silly pickManifestFromRegistryMetadata   '2.7.1',
117 silly pickManifestFromRegistryMetadata   '2.8.0',
117 silly pickManifestFromRegistryMetadata   '2.8.1',
117 silly pickManifestFromRegistryMetadata   '2.9.0' ]
118 silly resolveWithNewModule commander@2.9.0 checking installable status
119 silly cache add args [ 'commander@2.9.0', null ]
120 verbose cache add spec commander@2.9.0
121 silly cache add parsed spec Result {
121 silly cache add   raw: 'commander@2.9.0',
121 silly cache add   scope: null,
121 silly cache add   escapedName: 'commander',
121 silly cache add   name: 'commander',
121 silly cache add   rawSpec: '2.9.0',
121 silly cache add   spec: '2.9.0',
121 silly cache add   type: 'version' }
122 silly addNamed commander@2.9.0
123 verbose addNamed "2.9.0" is a plain semver version for commander
124 silly mapToRegistry name commander
125 silly mapToRegistry using default registry
126 silly mapToRegistry registry https://registry.npmjs.org/
127 silly mapToRegistry data Result {
127 silly mapToRegistry   raw: 'commander',
127 silly mapToRegistry   scope: null,
127 silly mapToRegistry   escapedName: 'commander',
127 silly mapToRegistry   name: 'commander',
127 silly mapToRegistry   rawSpec: '',
127 silly mapToRegistry   spec: 'latest',
127 silly mapToRegistry   type: 'tag' }
128 silly mapToRegistry uri https://registry.npmjs.org/commander
129 verbose addNameVersion registry:https://registry.npmjs.org/commander not in flight; fetching
130 verbose get https://registry.npmjs.org/commander not expired, no request
131 silly mapToRegistry name commander
132 silly mapToRegistry using default registry
133 silly mapToRegistry registry https://registry.npmjs.org/
134 silly mapToRegistry data Result {
134 silly mapToRegistry   raw: 'commander',
134 silly mapToRegistry   scope: null,
134 silly mapToRegistry   escapedName: 'commander',
134 silly mapToRegistry   name: 'commander',
134 silly mapToRegistry   rawSpec: '',
134 silly mapToRegistry   spec: 'latest',
134 silly mapToRegistry   type: 'tag' }
135 silly mapToRegistry uri https://registry.npmjs.org/commander
136 verbose addRemoteTarball https://registry.npmjs.org/commander/-/commander-2.9.0.tgz not in flight; adding
137 verbose addRemoteTarball [ 'https://registry.npmjs.org/commander/-/commander-2.9.0.tgz',
137 verbose addRemoteTarball   '9c99094176e12240cb22d6c5146098400fe0f7d4' ]
138 info retry fetch attempt 1 at 21:23:19
139 info attempt registry request try #1 at 21:23:19
140 http fetch GET https://registry.npmjs.org/commander/-/commander-2.9.0.tgz
141 http fetch 200 https://registry.npmjs.org/commander/-/commander-2.9.0.tgz
142 silly fetchAndShaCheck shasum 9c99094176e12240cb22d6c5146098400fe0f7d4
143 verbose addTmpTarball /tmp/npm-28467-b0a5ff3d/registry.npmjs.org/commander/-/commander-2.9.0.tgz not in flight; adding
144 verbose addTmpTarball already have metadata; skipping unpack for commander@2.9.0
145 verbose correctMkdir /home/yangx/.npm correctMkdir not in flight; initializing
146 http 200 https://registry.npmjs.org/sorted-object
147 verbose headers { server: 'nginx/1.10.1',
147 verbose headers   'content-type': 'application/json',
147 verbose headers   'last-modified': 'Sat, 10 Sep 2016 23:39:29 GMT',
147 verbose headers   etag: 'W/"57d499b1-1545"',
147 verbose headers   'content-encoding': 'gzip',
147 verbose headers   'cache-control': 'max-age=300',
147 verbose headers   'content-length': '1619',
147 verbose headers   'accept-ranges': 'bytes',
147 verbose headers   date: 'Tue, 11 Apr 2017 13:23:19 GMT',
147 verbose headers   via: '1.1 varnish',
147 verbose headers   age: '225',
147 verbose headers   connection: 'keep-alive',
147 verbose headers   'x-served-by': 'cache-itm7423-ITM',
147 verbose headers   'x-cache': 'HIT',
147 verbose headers   'x-cache-hits': '1',
147 verbose headers   'x-timer': 'S1491917000.687194,VS0,VE0',
147 verbose headers   vary: 'Accept-Encoding' }
148 silly get cb [ 200,
148 silly get   { server: 'nginx/1.10.1',
148 silly get     'content-type': 'application/json',
148 silly get     'last-modified': 'Sat, 10 Sep 2016 23:39:29 GMT',
148 silly get     etag: 'W/"57d499b1-1545"',
148 silly get     'content-encoding': 'gzip',
148 silly get     'cache-control': 'max-age=300',
148 silly get     'content-length': '1619',
148 silly get     'accept-ranges': 'bytes',
148 silly get     date: 'Tue, 11 Apr 2017 13:23:19 GMT',
148 silly get     via: '1.1 varnish',
148 silly get     age: '225',
148 silly get     connection: 'keep-alive',
148 silly get     'x-served-by': 'cache-itm7423-ITM',
148 silly get     'x-cache': 'HIT',
148 silly get     'x-cache-hits': '1',
148 silly get     'x-timer': 'S1491917000.687194,VS0,VE0',
148 silly get     vary: 'Accept-Encoding' } ]
149 verbose get saving sorted-object to /home/yangx/.npm/registry.npmjs.org/sorted-object/.cache.json
150 verbose correctMkdir /home/yangx/.npm correctMkdir not in flight; initializing
151 silly pickManifestFromRegistryMetadata spec 2.0.1 tag latest versions [ '1.0.0', '2.0.0', '2.0.1' ]
152 silly resolveWithNewModule sorted-object@2.0.1 checking installable status
153 silly cache add args [ 'sorted-object@2.0.1', null ]
154 verbose cache add spec sorted-object@2.0.1
155 silly cache add parsed spec Result {
155 silly cache add   raw: 'sorted-object@2.0.1',
155 silly cache add   scope: null,
155 silly cache add   escapedName: 'sorted-object',
155 silly cache add   name: 'sorted-object',
155 silly cache add   rawSpec: '2.0.1',
155 silly cache add   spec: '2.0.1',
155 silly cache add   type: 'version' }
156 silly addNamed sorted-object@2.0.1
157 verbose addNamed "2.0.1" is a plain semver version for sorted-object
158 silly mapToRegistry name sorted-object
159 silly mapToRegistry using default registry
160 silly mapToRegistry registry https://registry.npmjs.org/
161 silly mapToRegistry data Result {
161 silly mapToRegistry   raw: 'sorted-object',
161 silly mapToRegistry   scope: null,
161 silly mapToRegistry   escapedName: 'sorted-object',
161 silly mapToRegistry   name: 'sorted-object',
161 silly mapToRegistry   rawSpec: '',
161 silly mapToRegistry   spec: 'latest',
161 silly mapToRegistry   type: 'tag' }
162 silly mapToRegistry uri https://registry.npmjs.org/sorted-object
163 verbose addNameVersion registry:https://registry.npmjs.org/sorted-object not in flight; fetching
164 silly cache afterAdd commander@2.9.0
165 verbose afterAdd /home/yangx/.npm/commander/2.9.0/package/package.json not in flight; writing
166 verbose correctMkdir /home/yangx/.npm correctMkdir not in flight; initializing
167 http 200 https://registry.npmjs.org/mkdirp
168 verbose headers { server: 'nginx/1.10.1',
168 verbose headers   'content-type': 'application/json',
168 verbose headers   'last-modified': 'Tue, 11 Apr 2017 10:49:45 GMT',
168 verbose headers   etag: 'W/"58ecb4c9-62fd"',
168 verbose headers   'content-encoding': 'gzip',
168 verbose headers   'cache-control': 'max-age=300',
168 verbose headers   'content-length': '4877',
168 verbose headers   'accept-ranges': 'bytes',
168 verbose headers   date: 'Tue, 11 Apr 2017 13:23:19 GMT',
168 verbose headers   via: '1.1 varnish',
168 verbose headers   age: '90',
168 verbose headers   connection: 'keep-alive',
168 verbose headers   'x-served-by': 'cache-itm7424-ITM',
168 verbose headers   'x-cache': 'HIT',
168 verbose headers   'x-cache-hits': '3',
168 verbose headers   'x-timer': 'S1491917000.694716,VS0,VE0',
168 verbose headers   vary: 'Accept-Encoding' }
169 silly get cb [ 200,
169 silly get   { server: 'nginx/1.10.1',
169 silly get     'content-type': 'application/json',
169 silly get     'last-modified': 'Tue, 11 Apr 2017 10:49:45 GMT',
169 silly get     etag: 'W/"58ecb4c9-62fd"',
169 silly get     'content-encoding': 'gzip',
169 silly get     'cache-control': 'max-age=300',
169 silly get     'content-length': '4877',
169 silly get     'accept-ranges': 'bytes',
169 silly get     date: 'Tue, 11 Apr 2017 13:23:19 GMT',
169 silly get     via: '1.1 varnish',
169 silly get     age: '90',
169 silly get     connection: 'keep-alive',
169 silly get     'x-served-by': 'cache-itm7424-ITM',
169 silly get     'x-cache': 'HIT',
169 silly get     'x-cache-hits': '3',
169 silly get     'x-timer': 'S1491917000.694716,VS0,VE0',
169 silly get     vary: 'Accept-Encoding' } ]
170 verbose get saving mkdirp to /home/yangx/.npm/registry.npmjs.org/mkdirp/.cache.json
171 verbose correctMkdir /home/yangx/.npm correctMkdir not in flight; initializing
172 verbose get https://registry.npmjs.org/sorted-object not expired, no request
173 silly mapToRegistry name sorted-object
174 silly mapToRegistry using default registry
175 silly mapToRegistry registry https://registry.npmjs.org/
176 silly mapToRegistry data Result {
176 silly mapToRegistry   raw: 'sorted-object',
176 silly mapToRegistry   scope: null,
176 silly mapToRegistry   escapedName: 'sorted-object',
176 silly mapToRegistry   name: 'sorted-object',
176 silly mapToRegistry   rawSpec: '',
176 silly mapToRegistry   spec: 'latest',
176 silly mapToRegistry   type: 'tag' }
177 silly mapToRegistry uri https://registry.npmjs.org/sorted-object
178 verbose addRemoteTarball https://registry.npmjs.org/sorted-object/-/sorted-object-2.0.1.tgz not in flight; adding
179 verbose addRemoteTarball [ 'https://registry.npmjs.org/sorted-object/-/sorted-object-2.0.1.tgz',
179 verbose addRemoteTarball   '7d631f4bd3a798a24af1dffcfbfe83337a5df5fc' ]
180 info retry fetch attempt 1 at 21:23:19
181 info attempt registry request try #1 at 21:23:19
182 http fetch GET https://registry.npmjs.org/sorted-object/-/sorted-object-2.0.1.tgz
183 verbose afterAdd /home/yangx/.npm/commander/2.9.0/package/package.json written
184 silly pickManifestFromRegistryMetadata spec 0.5.1 tag latest versions [ '0.0.1',
184 silly pickManifestFromRegistryMetadata   '0.0.2',
184 silly pickManifestFromRegistryMetadata   '0.0.3',
184 silly pickManifestFromRegistryMetadata   '0.0.4',
184 silly pickManifestFromRegistryMetadata   '0.0.5',
184 silly pickManifestFromRegistryMetadata   '0.0.6',
184 silly pickManifestFromRegistryMetadata   '0.0.7',
184 silly pickManifestFromRegistryMetadata   '0.1.0',
184 silly pickManifestFromRegistryMetadata   '0.2.0',
184 silly pickManifestFromRegistryMetadata   '0.2.1',
184 silly pickManifestFromRegistryMetadata   '0.2.2',
184 silly pickManifestFromRegistryMetadata   '0.3.0',
184 silly pickManifestFromRegistryMetadata   '0.3.1',
184 silly pickManifestFromRegistryMetadata   '0.3.2',
184 silly pickManifestFromRegistryMetadata   '0.3.3',
184 silly pickManifestFromRegistryMetadata   '0.3.4',
184 silly pickManifestFromRegistryMetadata   '0.3.5',
184 silly pickManifestFromRegistryMetadata   '0.4.0',
184 silly pickManifestFromRegistryMetadata   '0.4.1',
184 silly pickManifestFromRegistryMetadata   '0.4.2',
184 silly pickManifestFromRegistryMetadata   '0.5.0',
184 silly pickManifestFromRegistryMetadata   '0.5.1' ]
185 silly resolveWithNewModule mkdirp@0.5.1 checking installable status
186 silly cache add args [ 'mkdirp@0.5.1', null ]
187 verbose cache add spec mkdirp@0.5.1
188 silly cache add parsed spec Result {
188 silly cache add   raw: 'mkdirp@0.5.1',
188 silly cache add   scope: null,
188 silly cache add   escapedName: 'mkdirp',
188 silly cache add   name: 'mkdirp',
188 silly cache add   rawSpec: '0.5.1',
188 silly cache add   spec: '0.5.1',
188 silly cache add   type: 'version' }
189 silly addNamed mkdirp@0.5.1
190 verbose addNamed "0.5.1" is a plain semver version for mkdirp
191 silly mapToRegistry name mkdirp
192 silly mapToRegistry using default registry
193 silly mapToRegistry registry https://registry.npmjs.org/
194 silly mapToRegistry data Result {
194 silly mapToRegistry   raw: 'mkdirp',
194 silly mapToRegistry   scope: null,
194 silly mapToRegistry   escapedName: 'mkdirp',
194 silly mapToRegistry   name: 'mkdirp',
194 silly mapToRegistry   rawSpec: '',
194 silly mapToRegistry   spec: 'latest',
194 silly mapToRegistry   type: 'tag' }
195 silly mapToRegistry uri https://registry.npmjs.org/mkdirp
196 verbose addNameVersion registry:https://registry.npmjs.org/mkdirp not in flight; fetching
197 verbose get https://registry.npmjs.org/mkdirp not expired, no request
198 silly mapToRegistry name mkdirp
199 silly mapToRegistry using default registry
200 silly mapToRegistry registry https://registry.npmjs.org/
201 silly mapToRegistry data Result {
201 silly mapToRegistry   raw: 'mkdirp',
201 silly mapToRegistry   scope: null,
201 silly mapToRegistry   escapedName: 'mkdirp',
201 silly mapToRegistry   name: 'mkdirp',
201 silly mapToRegistry   rawSpec: '',
201 silly mapToRegistry   spec: 'latest',
201 silly mapToRegistry   type: 'tag' }
202 silly mapToRegistry uri https://registry.npmjs.org/mkdirp
203 verbose addRemoteTarball https://registry.npmjs.org/mkdirp/-/mkdirp-0.5.1.tgz not in flight; adding
204 verbose addRemoteTarball [ 'https://registry.npmjs.org/mkdirp/-/mkdirp-0.5.1.tgz',
204 verbose addRemoteTarball   '30057438eac6cf7f8c4767f38648d6697d75c903' ]
205 info retry fetch attempt 1 at 21:23:19
206 info attempt registry request try #1 at 21:23:19
207 http fetch GET https://registry.npmjs.org/mkdirp/-/mkdirp-0.5.1.tgz
208 http 200 https://registry.npmjs.org/ejs
209 verbose headers { server: 'nginx/1.10.1',
209 verbose headers   'content-type': 'application/json',
209 verbose headers   'last-modified': 'Tue, 04 Apr 2017 15:32:36 GMT',
209 verbose headers   etag: 'W/"58e3bc94-109ad"',
209 verbose headers   'content-encoding': 'gzip',
209 verbose headers   'cache-control': 'max-age=300',
209 verbose headers   'content-length': '10749',
209 verbose headers   'accept-ranges': 'bytes',
209 verbose headers   date: 'Tue, 11 Apr 2017 13:23:19 GMT',
209 verbose headers   via: '1.1 varnish',
209 verbose headers   age: '73',
209 verbose headers   connection: 'keep-alive',
209 verbose headers   'x-served-by': 'cache-itm7421-ITM',
209 verbose headers   'x-cache': 'HIT',
209 verbose headers   'x-cache-hits': '2',
209 verbose headers   'x-timer': 'S1491917000.706199,VS0,VE0',
209 verbose headers   vary: 'Accept-Encoding' }
210 silly get cb [ 200,
210 silly get   { server: 'nginx/1.10.1',
210 silly get     'content-type': 'application/json',
210 silly get     'last-modified': 'Tue, 04 Apr 2017 15:32:36 GMT',
210 silly get     etag: 'W/"58e3bc94-109ad"',
210 silly get     'content-encoding': 'gzip',
210 silly get     'cache-control': 'max-age=300',
210 silly get     'content-length': '10749',
210 silly get     'accept-ranges': 'bytes',
210 silly get     date: 'Tue, 11 Apr 2017 13:23:19 GMT',
210 silly get     via: '1.1 varnish',
210 silly get     age: '73',
210 silly get     connection: 'keep-alive',
210 silly get     'x-served-by': 'cache-itm7421-ITM',
210 silly get     'x-cache': 'HIT',
210 silly get     'x-cache-hits': '2',
210 silly get     'x-timer': 'S1491917000.706199,VS0,VE0',
210 silly get     vary: 'Accept-Encoding' } ]
211 verbose get saving ejs to /home/yangx/.npm/registry.npmjs.org/ejs/.cache.json
212 verbose correctMkdir /home/yangx/.npm correctMkdir not in flight; initializing
213 silly pickManifestFromRegistryMetadata spec 2.5.6 tag latest versions [ '0.0.1',
213 silly pickManifestFromRegistryMetadata   '0.0.2',
213 silly pickManifestFromRegistryMetadata   '0.0.3',
213 silly pickManifestFromRegistryMetadata   '0.0.4',
213 silly pickManifestFromRegistryMetadata   '0.1.0',
213 silly pickManifestFromRegistryMetadata   '0.2.0',
213 silly pickManifestFromRegistryMetadata   '0.2.1',
213 silly pickManifestFromRegistryMetadata   '0.3.0',
213 silly pickManifestFromRegistryMetadata   '0.3.1',
213 silly pickManifestFromRegistryMetadata   '0.4.0',
213 silly pickManifestFromRegistryMetadata   '0.4.1',
213 silly pickManifestFromRegistryMetadata   '0.4.2',
213 silly pickManifestFromRegistryMetadata   '0.4.3',
213 silly pickManifestFromRegistryMetadata   '0.5.0',
213 silly pickManifestFromRegistryMetadata   '0.6.0',
213 silly pickManifestFromRegistryMetadata   '0.6.1',
213 silly pickManifestFromRegistryMetadata   '0.7.0',
213 silly pickManifestFromRegistryMetadata   '0.7.1',
213 silly pickManifestFromRegistryMetadata   '0.7.2',
213 silly pickManifestFromRegistryMetadata   '0.8.0',
213 silly pickManifestFromRegistryMetadata   '0.8.1',
213 silly pickManifestFromRegistryMetadata   '0.8.2',
213 silly pickManifestFromRegistryMetadata   '0.8.3',
213 silly pickManifestFromRegistryMetadata   '0.8.4',
213 silly pickManifestFromRegistryMetadata   '0.8.5',
213 silly pickManifestFromRegistryMetadata   '0.8.6',
213 silly pickManifestFromRegistryMetadata   '0.8.8',
213 silly pickManifestFromRegistryMetadata   '1.0.0',
213 silly pickManifestFromRegistryMetadata   '2.0.2',
213 silly pickManifestFromRegistryMetadata   '2.0.3',
213 silly pickManifestFromRegistryMetadata   '2.0.4',
213 silly pickManifestFromRegistryMetadata   '2.0.5',
213 silly pickManifestFromRegistryMetadata   '2.0.6',
213 silly pickManifestFromRegistryMetadata   '2.0.7',
213 silly pickManifestFromRegistryMetadata   '2.0.8',
213 silly pickManifestFromRegistryMetadata   '2.1.1',
213 silly pickManifestFromRegistryMetadata   '2.1.2',
213 silly pickManifestFromRegistryMetadata   '2.1.3',
213 silly pickManifestFromRegistryMetadata   '2.1.4',
213 silly pickManifestFromRegistryMetadata   '2.2.1',
213 silly pickManifestFromRegistryMetadata   '2.2.2',
213 silly pickManifestFromRegistryMetadata   '2.2.3',
213 silly pickManifestFromRegistryMetadata   '2.2.4',
213 silly pickManifestFromRegistryMetadata   '2.3.1',
213 silly pickManifestFromRegistryMetadata   '2.3.2',
213 silly pickManifestFromRegistryMetadata   '2.3.3',
213 silly pickManifestFromRegistryMetadata   '2.3.4',
213 silly pickManifestFromRegistryMetadata   '2.4.1',
213 silly pickManifestFromRegistryMetadata   '2.4.2',
213 silly pickManifestFromRegistryMetadata   '2.5.1',
213 silly pickManifestFromRegistryMetadata   '2.5.2',
213 silly pickManifestFromRegistryMetadata   '2.5.3',
213 silly pickManifestFromRegistryMetadata   '2.5.4',
213 silly pickManifestFromRegistryMetadata   '2.5.5',
213 silly pickManifestFromRegistryMetadata   '2.5.6' ]
214 silly resolveWithNewModule ejs@2.5.6 checking installable status
215 silly cache add args [ 'ejs@2.5.6', null ]
216 verbose cache add spec ejs@2.5.6
217 silly cache add parsed spec Result {
217 silly cache add   raw: 'ejs@2.5.6',
217 silly cache add   scope: null,
217 silly cache add   escapedName: 'ejs',
217 silly cache add   name: 'ejs',
217 silly cache add   rawSpec: '2.5.6',
217 silly cache add   spec: '2.5.6',
217 silly cache add   type: 'version' }
218 silly addNamed ejs@2.5.6
219 verbose addNamed "2.5.6" is a plain semver version for ejs
220 silly mapToRegistry name ejs
221 silly mapToRegistry using default registry
222 silly mapToRegistry registry https://registry.npmjs.org/
223 silly mapToRegistry data Result {
223 silly mapToRegistry   raw: 'ejs',
223 silly mapToRegistry   scope: null,
223 silly mapToRegistry   escapedName: 'ejs',
223 silly mapToRegistry   name: 'ejs',
223 silly mapToRegistry   rawSpec: '',
223 silly mapToRegistry   spec: 'latest',
223 silly mapToRegistry   type: 'tag' }
224 silly mapToRegistry uri https://registry.npmjs.org/ejs
225 verbose addNameVersion registry:https://registry.npmjs.org/ejs not in flight; fetching
226 verbose get https://registry.npmjs.org/ejs not expired, no request
227 silly mapToRegistry name ejs
228 silly mapToRegistry using default registry
229 silly mapToRegistry registry https://registry.npmjs.org/
230 silly mapToRegistry data Result {
230 silly mapToRegistry   raw: 'ejs',
230 silly mapToRegistry   scope: null,
230 silly mapToRegistry   escapedName: 'ejs',
230 silly mapToRegistry   name: 'ejs',
230 silly mapToRegistry   rawSpec: '',
230 silly mapToRegistry   spec: 'latest',
230 silly mapToRegistry   type: 'tag' }
231 silly mapToRegistry uri https://registry.npmjs.org/ejs
232 verbose addRemoteTarball https://registry.npmjs.org/ejs/-/ejs-2.5.6.tgz not in flight; adding
233 verbose addRemoteTarball [ 'https://registry.npmjs.org/ejs/-/ejs-2.5.6.tgz',
233 verbose addRemoteTarball   '479636bfa3fe3b1debd52087f0acb204b4f19c88' ]
234 info retry fetch attempt 1 at 21:23:19
235 info attempt registry request try #1 at 21:23:19
236 http fetch GET https://registry.npmjs.org/ejs/-/ejs-2.5.6.tgz
237 http fetch 200 https://registry.npmjs.org/sorted-object/-/sorted-object-2.0.1.tgz
238 silly fetchAndShaCheck shasum 7d631f4bd3a798a24af1dffcfbfe83337a5df5fc
239 verbose addTmpTarball /tmp/npm-28467-b0a5ff3d/registry.npmjs.org/sorted-object/-/sorted-object-2.0.1.tgz not in flight; adding
240 verbose addTmpTarball already have metadata; skipping unpack for sorted-object@2.0.1
241 verbose correctMkdir /home/yangx/.npm correctMkdir not in flight; initializing
242 silly cache afterAdd sorted-object@2.0.1
243 verbose afterAdd /home/yangx/.npm/sorted-object/2.0.1/package/package.json not in flight; writing
244 verbose correctMkdir /home/yangx/.npm correctMkdir not in flight; initializing
245 verbose afterAdd /home/yangx/.npm/sorted-object/2.0.1/package/package.json written
246 http fetch 200 https://registry.npmjs.org/mkdirp/-/mkdirp-0.5.1.tgz
247 silly fetchAndShaCheck shasum 30057438eac6cf7f8c4767f38648d6697d75c903
248 verbose addTmpTarball /tmp/npm-28467-b0a5ff3d/registry.npmjs.org/mkdirp/-/mkdirp-0.5.1.tgz not in flight; adding
249 verbose addTmpTarball already have metadata; skipping unpack for mkdirp@0.5.1
250 verbose correctMkdir /home/yangx/.npm correctMkdir not in flight; initializing
251 silly cache afterAdd mkdirp@0.5.1
252 verbose afterAdd /home/yangx/.npm/mkdirp/0.5.1/package/package.json not in flight; writing
253 verbose correctMkdir /home/yangx/.npm correctMkdir not in flight; initializing
254 verbose afterAdd /home/yangx/.npm/mkdirp/0.5.1/package/package.json written
255 http fetch 200 https://registry.npmjs.org/ejs/-/ejs-2.5.6.tgz
256 silly fetchAndShaCheck shasum 479636bfa3fe3b1debd52087f0acb204b4f19c88
257 verbose addTmpTarball /tmp/npm-28467-b0a5ff3d/registry.npmjs.org/ejs/-/ejs-2.5.6.tgz not in flight; adding
258 verbose addTmpTarball already have metadata; skipping unpack for ejs@2.5.6
259 verbose correctMkdir /home/yangx/.npm correctMkdir not in flight; initializing
260 silly cache afterAdd ejs@2.5.6
261 verbose afterAdd /home/yangx/.npm/ejs/2.5.6/package/package.json not in flight; writing
262 verbose correctMkdir /home/yangx/.npm correctMkdir not in flight; initializing
263 verbose afterAdd /home/yangx/.npm/ejs/2.5.6/package/package.json written
264 silly fetchNamedPackageData graceful-readlink
265 silly mapToRegistry name graceful-readlink
266 silly mapToRegistry using default registry
267 silly mapToRegistry registry https://registry.npmjs.org/
268 silly mapToRegistry data Result {
268 silly mapToRegistry   raw: 'graceful-readlink',
268 silly mapToRegistry   scope: null,
268 silly mapToRegistry   escapedName: 'graceful-readlink',
268 silly mapToRegistry   name: 'graceful-readlink',
268 silly mapToRegistry   rawSpec: '',
268 silly mapToRegistry   spec: 'latest',
268 silly mapToRegistry   type: 'tag' }
269 silly mapToRegistry uri https://registry.npmjs.org/graceful-readlink
270 verbose request uri https://registry.npmjs.org/graceful-readlink
271 verbose request no auth needed
272 info attempt registry request try #1 at 21:23:19
273 http request GET https://registry.npmjs.org/graceful-readlink
274 http 200 https://registry.npmjs.org/graceful-readlink
275 verbose headers { server: 'nginx/1.10.1',
275 verbose headers   'content-type': 'application/json',
275 verbose headers   'last-modified': 'Sat, 24 Dec 2016 22:39:10 GMT',
275 verbose headers   etag: 'W/"585ef90e-c1b"',
275 verbose headers   'content-encoding': 'gzip',
275 verbose headers   'cache-control': 'max-age=300',
275 verbose headers   'content-length': '983',
275 verbose headers   'accept-ranges': 'bytes',
275 verbose headers   date: 'Tue, 11 Apr 2017 13:23:20 GMT',
275 verbose headers   via: '1.1 varnish',
275 verbose headers   age: '187',
275 verbose headers   connection: 'keep-alive',
275 verbose headers   'x-served-by': 'cache-itm7421-ITM',
275 verbose headers   'x-cache': 'HIT',
275 verbose headers   'x-cache-hits': '2',
275 verbose headers   'x-timer': 'S1491917000.006091,VS0,VE0',
275 verbose headers   vary: 'Accept-Encoding' }
276 silly get cb [ 200,
276 silly get   { server: 'nginx/1.10.1',
276 silly get     'content-type': 'application/json',
276 silly get     'last-modified': 'Sat, 24 Dec 2016 22:39:10 GMT',
276 silly get     etag: 'W/"585ef90e-c1b"',
276 silly get     'content-encoding': 'gzip',
276 silly get     'cache-control': 'max-age=300',
276 silly get     'content-length': '983',
276 silly get     'accept-ranges': 'bytes',
276 silly get     date: 'Tue, 11 Apr 2017 13:23:20 GMT',
276 silly get     via: '1.1 varnish',
276 silly get     age: '187',
276 silly get     connection: 'keep-alive',
276 silly get     'x-served-by': 'cache-itm7421-ITM',
276 silly get     'x-cache': 'HIT',
276 silly get     'x-cache-hits': '2',
276 silly get     'x-timer': 'S1491917000.006091,VS0,VE0',
276 silly get     vary: 'Accept-Encoding' } ]
277 verbose get saving graceful-readlink to /home/yangx/.npm/registry.npmjs.org/graceful-readlink/.cache.json
278 verbose correctMkdir /home/yangx/.npm correctMkdir not in flight; initializing
279 silly pickManifestFromRegistryMetadata spec >=1.0.0 tag latest versions [ '1.0.0', '1.0.1' ]
280 silly resolveWithNewModule graceful-readlink@1.0.1 checking installable status
281 silly cache add args [ 'graceful-readlink@>= 1.0.0', null ]
282 verbose cache add spec graceful-readlink@>= 1.0.0
283 silly cache add parsed spec Result {
283 silly cache add   raw: 'graceful-readlink@>= 1.0.0',
283 silly cache add   scope: null,
283 silly cache add   escapedName: 'graceful-readlink',
283 silly cache add   name: 'graceful-readlink',
283 silly cache add   rawSpec: '>= 1.0.0',
283 silly cache add   spec: '>=1.0.0',
283 silly cache add   type: 'range' }
284 silly addNamed graceful-readlink@>=1.0.0
285 verbose addNamed ">=1.0.0" is a valid semver range for graceful-readlink
286 silly addNameRange { name: 'graceful-readlink', range: '>=1.0.0', hasData: false }
287 silly mapToRegistry name graceful-readlink
288 silly mapToRegistry using default registry
289 silly mapToRegistry registry https://registry.npmjs.org/
290 silly mapToRegistry data Result {
290 silly mapToRegistry   raw: 'graceful-readlink',
290 silly mapToRegistry   scope: null,
290 silly mapToRegistry   escapedName: 'graceful-readlink',
290 silly mapToRegistry   name: 'graceful-readlink',
290 silly mapToRegistry   rawSpec: '',
290 silly mapToRegistry   spec: 'latest',
290 silly mapToRegistry   type: 'tag' }
291 silly mapToRegistry uri https://registry.npmjs.org/graceful-readlink
292 verbose addNameRange registry:https://registry.npmjs.org/graceful-readlink not in flight; fetching
293 verbose get https://registry.npmjs.org/graceful-readlink not expired, no request
294 silly addNameRange number 2 { name: 'graceful-readlink', range: '>=1.0.0', hasData: true }
295 silly addNameRange versions [ 'graceful-readlink', [ '1.0.0', '1.0.1' ] ]
296 silly pickManifestFromRegistryMetadata spec >=1.0.0 tag latest versions [ '1.0.0', '1.0.1' ]
297 silly addNamed graceful-readlink@latest
298 verbose addNamed "latest" is being treated as a dist-tag for graceful-readlink
299 info addNameTag [ 'graceful-readlink', 'latest' ]
300 silly mapToRegistry name graceful-readlink
301 silly mapToRegistry using default registry
302 silly mapToRegistry registry https://registry.npmjs.org/
303 silly mapToRegistry data Result {
303 silly mapToRegistry   raw: 'graceful-readlink',
303 silly mapToRegistry   scope: null,
303 silly mapToRegistry   escapedName: 'graceful-readlink',
303 silly mapToRegistry   name: 'graceful-readlink',
303 silly mapToRegistry   rawSpec: '',
303 silly mapToRegistry   spec: 'latest',
303 silly mapToRegistry   type: 'tag' }
304 silly mapToRegistry uri https://registry.npmjs.org/graceful-readlink
305 verbose addNameTag registry:https://registry.npmjs.org/graceful-readlink already in flight; waiting
306 silly addNameTag next cb for graceful-readlink with tag latest
307 silly addNamed graceful-readlink@1.0.1
308 verbose addNamed "1.0.1" is a plain semver version for graceful-readlink
309 silly mapToRegistry name graceful-readlink
310 silly mapToRegistry using default registry
311 silly mapToRegistry registry https://registry.npmjs.org/
312 silly mapToRegistry data Result {
312 silly mapToRegistry   raw: 'graceful-readlink',
312 silly mapToRegistry   scope: null,
312 silly mapToRegistry   escapedName: 'graceful-readlink',
312 silly mapToRegistry   name: 'graceful-readlink',
312 silly mapToRegistry   rawSpec: '',
312 silly mapToRegistry   spec: 'latest',
312 silly mapToRegistry   type: 'tag' }
313 silly mapToRegistry uri https://registry.npmjs.org/graceful-readlink
314 verbose addRemoteTarball https://registry.npmjs.org/graceful-readlink/-/graceful-readlink-1.0.1.tgz not in flight; adding
315 verbose addRemoteTarball [ 'https://registry.npmjs.org/graceful-readlink/-/graceful-readlink-1.0.1.tgz',
315 verbose addRemoteTarball   '4cafad76bc62f02fa039b2f94e9a3dd3a391a725' ]
316 info retry fetch attempt 1 at 21:23:20
317 info attempt registry request try #1 at 21:23:20
318 http fetch GET https://registry.npmjs.org/graceful-readlink/-/graceful-readlink-1.0.1.tgz
319 http fetch 200 https://registry.npmjs.org/graceful-readlink/-/graceful-readlink-1.0.1.tgz
320 silly fetchAndShaCheck shasum 4cafad76bc62f02fa039b2f94e9a3dd3a391a725
321 verbose addTmpTarball /tmp/npm-28467-b0a5ff3d/registry.npmjs.org/graceful-readlink/-/graceful-readlink-1.0.1.tgz not in flight; adding
322 verbose addTmpTarball already have metadata; skipping unpack for graceful-readlink@1.0.1
323 verbose correctMkdir /home/yangx/.npm correctMkdir not in flight; initializing
324 silly cache afterAdd graceful-readlink@1.0.1
325 verbose afterAdd /home/yangx/.npm/graceful-readlink/1.0.1/package/package.json not in flight; writing
326 verbose correctMkdir /home/yangx/.npm correctMkdir not in flight; initializing
327 verbose afterAdd /home/yangx/.npm/graceful-readlink/1.0.1/package/package.json written
328 silly fetchNamedPackageData minimist
329 silly mapToRegistry name minimist
330 silly mapToRegistry using default registry
331 silly mapToRegistry registry https://registry.npmjs.org/
332 silly mapToRegistry data Result {
332 silly mapToRegistry   raw: 'minimist',
332 silly mapToRegistry   scope: null,
332 silly mapToRegistry   escapedName: 'minimist',
332 silly mapToRegistry   name: 'minimist',
332 silly mapToRegistry   rawSpec: '',
332 silly mapToRegistry   spec: 'latest',
332 silly mapToRegistry   type: 'tag' }
333 silly mapToRegistry uri https://registry.npmjs.org/minimist
334 verbose request uri https://registry.npmjs.org/minimist
335 verbose request no auth needed
336 info attempt registry request try #1 at 21:23:20
337 http request GET https://registry.npmjs.org/minimist
338 http 200 https://registry.npmjs.org/minimist
339 verbose headers { server: 'nginx/1.4.6 (Ubuntu)',
339 verbose headers   'content-type': 'application/json',
339 verbose headers   'last-modified': 'Tue, 11 Apr 2017 11:59:18 GMT',
339 verbose headers   'content-encoding': 'gzip',
339 verbose headers   'cache-control': 'max-age=300',
339 verbose headers   'content-length': '5731',
339 verbose headers   'accept-ranges': 'bytes',
339 verbose headers   date: 'Tue, 11 Apr 2017 13:23:20 GMT',
339 verbose headers   via: '1.1 varnish',
339 verbose headers   age: '191',
339 verbose headers   connection: 'keep-alive',
339 verbose headers   'x-served-by': 'cache-itm7423-ITM',
339 verbose headers   'x-cache': 'HIT',
339 verbose headers   'x-cache-hits': '5',
339 verbose headers   'x-timer': 'S1491917000.163443,VS0,VE0',
339 verbose headers   vary: 'Accept-Encoding' }
340 silly get cb [ 200,
340 silly get   { server: 'nginx/1.4.6 (Ubuntu)',
340 silly get     'content-type': 'application/json',
340 silly get     'last-modified': 'Tue, 11 Apr 2017 11:59:18 GMT',
340 silly get     'content-encoding': 'gzip',
340 silly get     'cache-control': 'max-age=300',
340 silly get     'content-length': '5731',
340 silly get     'accept-ranges': 'bytes',
340 silly get     date: 'Tue, 11 Apr 2017 13:23:20 GMT',
340 silly get     via: '1.1 varnish',
340 silly get     age: '191',
340 silly get     connection: 'keep-alive',
340 silly get     'x-served-by': 'cache-itm7423-ITM',
340 silly get     'x-cache': 'HIT',
340 silly get     'x-cache-hits': '5',
340 silly get     'x-timer': 'S1491917000.163443,VS0,VE0',
340 silly get     vary: 'Accept-Encoding' } ]
341 verbose get saving minimist to /home/yangx/.npm/registry.npmjs.org/minimist/.cache.json
342 verbose correctMkdir /home/yangx/.npm correctMkdir not in flight; initializing
343 silly pickManifestFromRegistryMetadata spec 0.0.8 tag latest versions [ '0.0.0',
343 silly pickManifestFromRegistryMetadata   '0.0.1',
343 silly pickManifestFromRegistryMetadata   '0.0.2',
343 silly pickManifestFromRegistryMetadata   '0.0.3',
343 silly pickManifestFromRegistryMetadata   '0.0.4',
343 silly pickManifestFromRegistryMetadata   '0.0.5',
343 silly pickManifestFromRegistryMetadata   '0.0.6',
343 silly pickManifestFromRegistryMetadata   '0.0.7',
343 silly pickManifestFromRegistryMetadata   '0.0.8',
343 silly pickManifestFromRegistryMetadata   '0.0.9',
343 silly pickManifestFromRegistryMetadata   '0.0.10',
343 silly pickManifestFromRegistryMetadata   '0.1.0',
343 silly pickManifestFromRegistryMetadata   '0.2.0',
343 silly pickManifestFromRegistryMetadata   '1.0.0',
343 silly pickManifestFromRegistryMetadata   '1.1.0',
343 silly pickManifestFromRegistryMetadata   '1.1.1',
343 silly pickManifestFromRegistryMetadata   '1.1.2',
343 silly pickManifestFromRegistryMetadata   '1.1.3',
343 silly pickManifestFromRegistryMetadata   '1.2.0' ]
344 silly resolveWithNewModule minimist@0.0.8 checking installable status
345 silly cache add args [ 'minimist@0.0.8', null ]
346 verbose cache add spec minimist@0.0.8
347 silly cache add parsed spec Result {
347 silly cache add   raw: 'minimist@0.0.8',
347 silly cache add   scope: null,
347 silly cache add   escapedName: 'minimist',
347 silly cache add   name: 'minimist',
347 silly cache add   rawSpec: '0.0.8',
347 silly cache add   spec: '0.0.8',
347 silly cache add   type: 'version' }
348 silly addNamed minimist@0.0.8
349 verbose addNamed "0.0.8" is a plain semver version for minimist
350 silly mapToRegistry name minimist
351 silly mapToRegistry using default registry
352 silly mapToRegistry registry https://registry.npmjs.org/
353 silly mapToRegistry data Result {
353 silly mapToRegistry   raw: 'minimist',
353 silly mapToRegistry   scope: null,
353 silly mapToRegistry   escapedName: 'minimist',
353 silly mapToRegistry   name: 'minimist',
353 silly mapToRegistry   rawSpec: '',
353 silly mapToRegistry   spec: 'latest',
353 silly mapToRegistry   type: 'tag' }
354 silly mapToRegistry uri https://registry.npmjs.org/minimist
355 verbose addNameVersion registry:https://registry.npmjs.org/minimist not in flight; fetching
356 verbose get https://registry.npmjs.org/minimist not expired, no request
357 silly mapToRegistry name minimist
358 silly mapToRegistry using default registry
359 silly mapToRegistry registry https://registry.npmjs.org/
360 silly mapToRegistry data Result {
360 silly mapToRegistry   raw: 'minimist',
360 silly mapToRegistry   scope: null,
360 silly mapToRegistry   escapedName: 'minimist',
360 silly mapToRegistry   name: 'minimist',
360 silly mapToRegistry   rawSpec: '',
360 silly mapToRegistry   spec: 'latest',
360 silly mapToRegistry   type: 'tag' }
361 silly mapToRegistry uri https://registry.npmjs.org/minimist
362 verbose addRemoteTarball https://registry.npmjs.org/minimist/-/minimist-0.0.8.tgz not in flight; adding
363 verbose addRemoteTarball [ 'https://registry.npmjs.org/minimist/-/minimist-0.0.8.tgz',
363 verbose addRemoteTarball   '857fcabfc3397d2625b8228262e86aa7a011b05d' ]
364 info retry fetch attempt 1 at 21:23:20
365 info attempt registry request try #1 at 21:23:20
366 http fetch GET https://registry.npmjs.org/minimist/-/minimist-0.0.8.tgz
367 http fetch 200 https://registry.npmjs.org/minimist/-/minimist-0.0.8.tgz
368 silly fetchAndShaCheck shasum 857fcabfc3397d2625b8228262e86aa7a011b05d
369 verbose addTmpTarball /tmp/npm-28467-b0a5ff3d/registry.npmjs.org/minimist/-/minimist-0.0.8.tgz not in flight; adding
370 verbose addTmpTarball already have metadata; skipping unpack for minimist@0.0.8
371 verbose correctMkdir /home/yangx/.npm correctMkdir not in flight; initializing
372 silly cache afterAdd minimist@0.0.8
373 verbose afterAdd /home/yangx/.npm/minimist/0.0.8/package/package.json not in flight; writing
374 verbose correctMkdir /home/yangx/.npm correctMkdir not in flight; initializing
375 verbose afterAdd /home/yangx/.npm/minimist/0.0.8/package/package.json written
376 silly loadAllDepsIntoIdealTree Finishing
377 silly loadIdealTree Finishing
378 silly currentTree lib
379 silly idealTree lib
379 silly idealTree  express-generator@4.15.0
379 silly idealTree    commander@2.9.0
379 silly idealTree    ejs@2.5.6
379 silly idealTree    graceful-readlink@1.0.1
379 silly idealTree    minimist@0.0.8
379 silly idealTree    mkdirp@0.5.1
379 silly idealTree    sorted-object@2.0.1
380 silly generateActionsToTake Starting
381 silly install generateActionsToTake
382 warn checkPermissions Missing write access to /usr/local/lib/node_modules
383 silly rollbackFailedOptional Starting
384 silly rollbackFailedOptional Finishing
385 silly runTopLevelLifecycles Finishing
386 silly install printInstalled
387 verbose stack Error: EACCES: permission denied, access '/usr/local/lib/node_modules'
388 verbose cwd /home/yangx/my-git-projects/my-blog/20170411/my-blog
389 error Linux 4.6.4-201.fc23.x86_64
390 error argv "/usr/local/bin/node" "/usr/local/bin/npm" "install" "express-generator" "-g"
391 error node v7.6.0
392 error npm  v4.1.2
393 error path /usr/local/lib/node_modules
394 error code EACCES
395 error errno -13
396 error syscall access
397 error Error: EACCES: permission denied, access '/usr/local/lib/node_modules'
397 error  { Error: EACCES: permission denied, access '/usr/local/lib/node_modules'
397 error   errno: -13,
397 error   code: 'EACCES',
397 error   syscall: 'access',
397 error   path: '/usr/local/lib/node_modules' }
398 error Please try running this command again as root/Administrator.
399 verbose exit [ -13, true ]
